[debug] ----------------------------------------------------------------------
[debug] Command:      /usr/local/bin/node /usr/local/bin/firebase deploy
[debug] Platform:     darwin
[debug] Node Version: v4.2.1
[debug] Time:         Mon Dec 07 2015 11:38:01 GMT-0800 (PST)
[debug] ----------------------------------------------------------------------
[debug] 
[debug] >>> HTTP REQUEST GET https://admin.firebase.com/firebase/flintjs/token?token=XXX 
[debug] <<< HTTP RESPONSE 200
[debug] >>> HTTP REQUEST GET https://admin.firebase.com/firebase/flintjs/token?token=XXX 
[debug] <<< HTTP RESPONSE 200
[info] 
[info] === Deploying to 'flintjs'...
[info] 
[info] i  deploying hosting
[info] i  preparing .flint/build directory for upload...
[debug] >>> HTTP REQUEST PUT https://deploy.firebase.com/firebase/flintjs/uploads/-K4xwqTg078hFv5lnELP?token=XXX&fileCount=135&message= 
[debug] <<< HTTP RESPONSE 200
[debug] ----------------------------------------------------------------------
[debug] Command:      /usr/local/bin/node /usr/local/bin/firebase deploy
[debug] Platform:     darwin
[debug] Node Version: v4.2.1
[debug] Time:         Mon Dec 07 2015 11:43:55 GMT-0800 (PST)
[debug] ----------------------------------------------------------------------
[debug] 
[debug] >>> HTTP REQUEST GET https://admin.firebase.com/firebase/flintjs/token?token=XXX 
[debug] <<< HTTP RESPONSE 200
[debug] >>> HTTP REQUEST GET https://admin.firebase.com/firebase/flintjs/token?token=XXX 
[debug] <<< HTTP RESPONSE 200
[info] 
[info] === Deploying to 'flintjs'...
[info] 
[info] i  deploying hosting
[info] i  preparing .flint/build directory for upload...
[debug] >>> HTTP REQUEST PUT https://deploy.firebase.com/firebase/flintjs/uploads/-K4xyBpG79OkIjO0oUW4?token=XXX&fileCount=135&message= 
[debug] <<< HTTP RESPONSE 200
